<?xml version="1.0" encoding="UTF-8"?>
<!-- Generated by org.testng.reporters.JUnitReportReporter -->
<testsuite hostname="WARRIORAVI-PC" name="ExecuteTest" tests="1" failures="0" timestamp="17 Mar 2018 22:51:40 GMT" time="33.082" errors="0">
  <testcase name="testLogin" time="33.082" classname="ExecuteTest"/>
</testsuite> <!-- ExecuteTest -->
