<?xml version="1.0" encoding="UTF-8"?>
<!-- Generated by org.testng.reporters.JUnitReportReporter -->
<testsuite hostname="WARRIORAVI-PC" name="ExecuteTest" tests="1" failures="0" timestamp="18 Mar 2018 17:37:14 GMT" time="69.393" errors="0">
  <testcase name="testLogin" time="69.393" classname="ExecuteTest"/>
</testsuite>
